[2017-06-27 09:35:51]	Cannot open file 
[2017-06-27 09:35:51]	D:\workspace\MySearchEngine\Data\KeyBlackList.pdat
[2017-06-27 09:35:51]	Failed Open file Failed Open file 
[2017-06-27 09:35:51]	Error read file
[2017-06-27 09:35:51]	D:\workspace\MySearchEngine\source\userdic.txt
[2017-06-27 09:35:52]	Error read file
[2017-06-27 09:35:52]	d:\1.txt
[2017-06-27 09:36:02]	Cannot open file 
[2017-06-27 09:36:02]	D:\workspace\MySearchEngine\Data\KeyBlackList.pdat
[2017-06-27 09:36:02]	Failed Open file Failed Open file 
[2017-06-27 09:36:02]	Error read file
[2017-06-27 09:36:02]	D:\workspace\MySearchEngine\source\userdic.txt
[2017-06-27 09:36:02]	Error read file
[2017-06-27 09:36:02]	d:\1.txt
[2017-06-27 15:24:45]	Cannot open file 
[2017-06-27 15:24:45]	D:\workspace\MySearchEngine\Data\KeyBlackList.pdat
[2017-06-27 15:26:36]	Cannot open file 
[2017-06-27 15:26:36]	D:\workspace\MySearchEngine\Data\KeyBlackList.pdat
[2017-06-27 15:27:14]	Cannot open file 
[2017-06-27 15:27:14]	D:\workspace\MySearchEngine\Data\KeyBlackList.pdat
[2017-06-27 15:28:10]	Cannot open file 
[2017-06-27 15:28:10]	D:\workspace\MySearchEngine\Data\KeyBlackList.pdat
