八七会议 nz
三湾改编 nz
谁 ryr
方志敏 nr
抗美援朝 nz
永昌 ns
毛主席 nr
抗战 nz
强征 v
诗稿 n
瞿秋白 nr
赵一曼 nr
郑明德 nr
秋瑾 nr
邓演达 nr
施洋 nr
左权 nr
张咨明 nr
张自忠 nr
姜玉桢 nr
郑文道 nr
吕晓韬 nr
戴安澜 nr
刘家麒 nr
赵锡章 nr
吴国璋 nr
吴克仁 nr
胡登高 nr
贺晋年 nr
陈德先 nr
林接标 nr
范子瑜 nr
胡定千 nr
胡炳云 nr
胡继成 nr
封永顺 nr
秦化龙 nr
郑廷珍 nr
吴继光 nr
陈毅 nr
朱德 nr
彭德怀 nr
刘伯承 nr
贺龙 nr
白乙化 nr
周同 nr
胡阿毛 nr
张森林 nr
赵尚志 nr
陈翰章 nr
郑文道 nr
刘耀梅 nr
张咨明 nr
周同 nr
胡阿毛 nr
张森林 nr
赵尚志 nr
左权 nr
陈翰章 nr
郑文道 nr
罗荣桓 nr
赵尚志 nr
张惠民 nr
陶绍唐 nr
黄永淮 nr
吴展 nr
丁本淳 nr
李贞 nr
邓岳 nr
石忠汉 nr
方之中 nr
王其梅 nr
王屏 nr
马辉 nr
丁先国 nr
粟裕 nr
秦鸿钧 nr
吴毓 nr
李敏 nr
周饮冰 nr
郑明德 nr
查子香 nr
常德善 nr
陈发鸿 nr
白福厚 nr
白乙化 nr
豹苏客 nr
蔡炳炎 nr
曹世范 nr
陈琴 nr
梁学岸 nr
包森 nr
鲍志椿 nr
蔡振东 nr
曹亚范 nr
柴敬忠 nr
常有君 nr
陈翰章 nr
陈群 nr
陈荣久 nr
陈延年 nr
陈柱天 nr
程仲一 nr
戴安澜 nr
邸玉栋 nr
杜子孚 nr
范树民 nr
方璧 nr
符克 nr
符竹庭 nr
高功叔 nr
高捷成 nr
高特 nr
高禹民 nr
陈铁军 nr
陈元龙 nr
程联如 nr
崔姬淑 nr
邓永耀 nr
董天知 nr
范士融 nr
范子侠 nr
冯治钢 nr
符仪廷 nr
高凡 nr
高国杰 nr
高鹏 nr
高永祥 nr
高志航 nr
耿西华 nr
顾士多 nr
郭继成 nr
郭守桢 nr
郭铁坚 nr
郭征 nr
韩明柱 nr
韩增丰 nr
何方 nr
何与成 nr
何正 nr
洪麟阁 nr
胡发坚 nr
胡义宾 nr
黄骅 nr
宫惠民 nr
顾永田 nr
郭陆顺 nr
郭寿天 nr
海风阁 nr
韩奎 nr
韩仁和 nr
郝梦龄 nr
何仁棠 nr
何云 nr
何忠国 nr
侯国忠 nr
胡光 nr
胡泽民 nr
黄继光 nr
黄梅兴 nr
黄闻 nr
姜克智 nr
蒋三 nr
节振国 nr
巨贵如 nr
乐以琴 nr
冷云 nr
李大钊 nr
李福林 nr
李光林 nr
李桂荀 nr
李红光 nr
李培根 nr
李绍唐 nr
黄木芬 nr
黄友 nr
姜文光 nr
焦守健 nr
金方昌 nr
阚维雍 nr
雷炎 nr
李秉君 nr
李东光 nr
李复 nr
李桂丹 nr
李和辉 nr
李林 nr
李秀清 nr
李少清 nr
李学忠 nr
李云鹏 nr
李只双 nr
李竹如 nr
林孔唐 nr
何信 nr
林友映 nr
刘粹刚 nr
刘桂云 nr
刘和珍 nr
刘培久 nr
刘树藩 nr
刘亦珂 nr
刘治国 nr
路世享 nr
李延平 nr
李之实 nr
李忠 nr
梁奔前 nr
林心平 nr
林耀 nr
凌则之 nr
刘桂五 nr
刘国华 nr
刘眉生 nr
刘苹 nr
刘铁之 nr
刘云旺 nr
路玲 nr
罗七姐 nr
罗盛教 nr
马宝玉 nr
马定天 nr
马庆华 nr
马振华 nr
茅丽瑛 nr
彭德明 nr
彭泰农 nr
皮侠鸣 nr
漆承宏 nr
钱国华 nr
秦家柱 nr
任常伦 nr
任迈 nr
任忠 nr
罗忠毅 nr
马德山 nr
马功岑 nr
马玉堂 nr
毛岸英 nr
穆岳 nr
彭士量 nr
彭雄 nr
朴翰宗 nr
祁致中 nr
钱远镜 nr
邱东平 nr
任克定 nr
任一川 nr
阮朝兴 nr
阮务德 nr
沈标 nr
沈东平 nr
石嘉植 nr
宋天祚 nr
宋耀南 nr
唐克威 nr
田守尧 nr
童长荣 nr
廖海涛 nr
汪雅臣 nr
王赤 nr
王丰庆 nr
生根英 nr
王克寇 nr
邵瑞麟 nr
沈崇诲 nr
沈蔚 nr
宋耕如 nr
宋铁岩 nr
苏精诚 nr
田恒 nr
田耘 nr
童世明 nr
王波 nr
王澄 nr
王德泰 nr
王凤麟 nr
王光 nr
王克仁 nr
王楞孩 nr
王汝起 nr
王文才 nr
王先臣 nr
刘元龙 nr
王志 nr
魏长魁 nr
魏大光 nr
温健公 nr
翁泽生 nr
吴世英 nr
吴毅 nr
夏全亮 nr
夏祖威 nr
萧国生 nr
王仁斋 nr
王少奇 nr
王武 nr
王远音 nr
王月娥 nr
韦杰三 nr
卫国尧 nr
魏拯民 nr
文立征 nr
吴继光 nr
吴秀远 nr
武止戈 nr
夏云杰 nr
萧楚女 nr
萧辉锡 nr
谢晋元 nr
徐宝山 nr
徐积璋 nr
徐世奎 nr
许亨植 nr
许如梅 nr
严昌荣 nr
杨常安 nr
杨德群 nr
杨家骝 nr
杨木贵 nr
杨子晶 nr
姚子青 nr
叶成焕 nr
易良品 nr
辛锐 nr
徐达成 nr
徐克强 nr
徐绪奎 nr
许佩坚 nr
薛佑之 nr
阎海文 nr
杨法震 nr
杨根思 nr
杨靖宇 nr
杨业谋 nr
杨作人 nr
姚宗贤 nr
叶凤生 nr
游建锋 nr
余海清 nr
虞晓冰 nr
曾海庭 nr
张洪仪 nr
张仁槐 nr
张寿砚 nr
张郁光 nr
张子祥 nr
赵登禹 nr
赵明升 nr
赵锡章 nr
赵伊坪 nr
郑作民 nr
钟若潮 nr
周达明 nr
余志远 nr
袁先锋 nr
曾宪忠 nr
张鸿渐 nr
张绍文 nr
张文偕 nr
张仲超 nr
赵崇德 nr
赵敬夫 nr
赵尚志 nr
赵一曼 nr
赵义京 nr
钟强 nr
钟效培 nr
周大根 nr
周洪涛 nr
周礼平 nr
周文彬 nr
朱诚 nr
朱赤 nr
朱昔 nr
邹嘉甫 nr
张兰生 nr
张诚军 nr
刘华 nr
黄静源 nr
曹石泉 nr
张自忠 nr
顾正红 nr
李春润 nr
周建华 nr
周启邦 nr
周卓然 nr
朱程 nr
朱立文 nr
朱学勉 nr
左权 nr
杨宏明 nr
周文雍 nr
蔡林蒸 nr
李慰农 nr
何秉彝 nr
尹景伊 nr
高君宇 nr
施洋 nr
刘永福 nr
林觉民 nr
方声洞 nr
秋瑾 nr
陈天华 nr
冯子材 nr
寿富 nr
谭嗣同 nr
康广仁 nr
丁汝昌 nr
永山 nr
林永升 nr
李延禄 nr
耿继周 nr
马占山 nr
罗福星 nr
林尹民 nr
蒋大同 nr
徐锡麟 nr
邹容 nr
史坚如 nr
聂士成 nr
林旭 nr
吴汤兴 nr
姜绍祖 nr
邓世昌 nr
沈寿昌 nr
冯占海 nr
李杜 nr
任德福 nr
苏炳文 nr
谢珂 nr
朱霁青 nr
亮山 nr
周保中 nr
戚继光 nr
刘国轩 nr
吴如孝 nr
陈化成 nr
陈阶平 nr
陈连升 nr
达洪阿 nr
关天培 nr
林则徐 nr
海龄 nr
邓廷桢 nr
刘耀椿 nr
王韶光 nr
林福祥 nr
何玉成 nr
颜浩长 nr
凌志 nr
王鼎 nr
麦廷章 nr
朱贵 nr
郑国鸿 nr
王锡朋 nr
刘大忠 nr
郑鼎臣 nr
张然 nr
陈棠 nr
邓潜 nr
徐保 nr
包世臣 nr
丁拱辰 nr
韦绍光 nr
任国桢 nr
殷夫 nr
蔡钟浩 nr
蔡绍南 nr
焦达峰 nr
殷夫 nr
任天石 nr
邱玉权 nr
刘天章 nr
秦贤安 nr
黄励 nr
彭雪枫 nr
邓振询 nr
何葆珍 nr
罗登贤 nr
郭隆真 nr
占谷堂 nr
韦一平 nr
熊桐柏 nr
杨木贵 nr
田邦璇 nr
刘建藩 nr
刘复基 nr
姜守旦 nr
洪大全 nr
杨任 nr
刘崧衡 nr
刘道一 nr
刘崧衡 nr
赵醒侬 nr
杨卓霖 nr
罗炳辉 nr
陈更新 nr
罗炳辉 nr
周之鼎 nr
袁国平 nr
周饮冰 nr
朱克靖 nr
朱镜我 nr
杨斌 nr
张元寿 nr
普昭铭 nr
张文津 nr
张正坤 nr
周启邦 nr
宁调元 nr
遵义会议 nz
延安保卫战　 nz
扎西会议 nz
第一次国共合作 nz
第二次国共合作 nz
忻口战役 nz
湛西抗战 nz
黄麻起义 nz
九一八事变 nz
第二次国共合作 nz
遵义会议 nz
淮海战役 nz
新文化运动 nz
五卅运动 nz
戊戌变法 nz
中法战争 nz
抗美援越 nz
大生产运动 nz
七千人大会 nz
中共第八次全国代表大会 nz
“三反”“五反”运动 nz
中共第十一届三中全会 nz
中共七届二中全会 nz
中日甲午战争 nz
中共第一次全国代表大会 nz
澳门回归 nz
中共第三次全国代表大会 nz
平型关大捷 nz
延安整风运动 nz
卢沟桥事变 nz
护国运动 nz
北伐战争 nz
七君子事件 nz
会宁红军会师 nz
三湾改编 nz
上甘岭战役 nz
古田会议 nz
百团大战 nz
常德会战 nz
豫湘桂战役 nz
腊子口战役 nz
洛川会议 nz
黎平会议 nz
孟良崮战役 nz
皖南事变 nz
八七会议 nz
一・二八事变 nz
玉树地震 nz
五四运动 nz
八一南昌起义 nz
九一八事变 nz
淞沪抗战 nz
红军长征 nz
一二・九运动 nz
西安事变 nz
东北抗日联军 nz
辛亥革命 nz
南京大屠杀 nz
鸦片战争 nz
平津战役 nz
重庆谈判 nz
百色起义 nz
渡江战役 nz
井冈山革命烈士陵园 ns
井冈山革命博物馆  ns
茨坪毛泽东旧居  ns
茨坪革命旧址群  ns
大井朱毛旧居  ns
小井红军烈士墓  ns
黄洋界哨口  ns
茅坪八角路  ns
井冈山会师纪念馆  ns
龙江书院  ns
三湾改编旧址群  ns
荆竹山雷打石  ns
井冈红旗  ns
龙潭  ns
水口  ns
杜鹃山  ns
梅岭三章 nd